<?xml version='1.0'?>
<ns2:test-suite xmlns:ns2='urn:model.allure.qatools.yandex.ru' start='1656200648154' stop='1656200649712'>
    <name>My Login application</name>
    <title>My Login application</title>
    <test-cases>
        <test-case start='1656200648154' status='broken' stop='1656200649710'>
            <name>should login with valid credentials</name>
            <title>should login with valid credentials</title>
            <labels>
                <label name='language' value='javascript'/>
                <label name='framework' value='wdio'/>
                <label name='thread' value='0-0'/>
            </labels>
            <parameters>
                <parameter kind='argument' name='browser' value='Chrome-102.0.5005.115'/>
            </parameters>
            <steps>
                <step start='1656200648160' status='passed' stop='1656200649157'>
                    <name>navigateTo</name>
                    <title>navigateTo</title>
                    <attachments>
                        <attachment title='Request' source='ff7be4cf-c4f2-4147-a95d-5afceb0348d4-attachment.json' type='application/json' size='81'/>
                    </attachments>
                    <steps/>
                </step>
                <step start='1656200649183' status='broken' stop='1656200649710'>
                    <name>findElement</name>
                    <title>findElement</title>
                    <attachments>
                        <attachment title='Request' source='6cf19462-e5ef-49d9-a87e-7d6e1b2fc976-attachment.json' type='application/json' size='67'/>
                    </attachments>
                    <steps>
                        <step start='1656200649185' status='broken' stop='1656200649710'>
                            <name>findElement</name>
                            <title>findElement</title>
                            <attachments>
                                <attachment title='Request' source='5c36d770-35c3-49db-a9e5-d70169c06cd5-attachment.json' type='application/json' size='67'/>
                            </attachments>
                            <steps>
                                <step start='1656200649246' status='passed' stop='1656200649707'>
                                    <name>takeScreenshot</name>
                                    <title>takeScreenshot</title>
                                    <attachments>
                                        <attachment title='Screenshot' source='77409236-2a68-4397-a17d-9c4c1ec0d586-attachment.png' type='image/png' size='722639'/>
                                    </attachments>
                                    <steps/>
                                </step>
                            </steps>
                        </step>
                    </steps>
                </step>
            </steps>
            <attachments/>
            <failure>
                <message>Evaluation failed: DOMException: Failed to execute 'querySelector' on 'Document': '#yes-social-benefits"]' is not a valid selector.
                    at __puppeteer_evaluation_script__:1:33</message>
                <stack-trace>Evaluation failed: DOMException: Failed to execute 'querySelector' on 'Document': '#yes-social-benefits"]' is not a valid selector.
                    at __puppeteer_evaluation_script__:1:33
                Error: Evaluation failed: DOMException: Failed to execute 'querySelector' on 'Document': '#yes-social-benefits"]' is not a valid selector.
                    at __puppeteer_evaluation_script__:1:33
                    at ExecutionContext._evaluateInternal (C:\Sandhya\Projects\SecurianAutomation3\node_modules\puppeteer-core\lib\cjs\puppeteer\common\ExecutionContext.js:221:19)
                    at runMicrotasks (&lt;anonymous>)
                    at processTicksAndRejections (node:internal/process/task_queues:96:5)
                    at async ElementHandle.evaluateHandle (C:\Sandhya\Projects\SecurianAutomation3\node_modules\puppeteer-core\lib\cjs\puppeteer\common\JSHandle.js:125:16)
                    at async Object.internalHandler.queryOne (C:\Sandhya\Projects\SecurianAutomation3\node_modules\puppeteer-core\lib\cjs\puppeteer\common\QueryHandler.js:24:30)
                    at async DOMWorld.$ (C:\Sandhya\Projects\SecurianAutomation3\node_modules\puppeteer-core\lib\cjs\puppeteer\common\DOMWorld.js:101:23)
                    at async DevToolsDriver.findElement (C:\Sandhya\Projects\SecurianAutomation3\node_modules\devtools\build\utils.js:89:15)
                    at async Browser.wrappedCommand (C:\Sandhya\Projects\SecurianAutomation3\node_modules\devtools\build\devtoolsdriver.js:102:26)
                    at async Browser.wrapCommandFn (C:\Sandhya\Projects\SecurianAutomation3\node_modules\@wdio\utils\build\shim.js:137:29)
                    at async Browser.$ (C:\Sandhya\Projects\SecurianAutomation3\node_modules\webdriverio\build\commands\browser\$.js:91:17)</stack-trace>
            </failure>
        </test-case>
    </test-cases>
</ns2:test-suite>